// 重构日志: e3d040d0
// 重构日志: 8370702a
// 同步 ID: 648daa88 @ Sun Jun 28 09:55:33 UTC 2026
// 重构日志: 94f7bffe
// 同步 ID: 613b830b @ Wed Jul  1 19:46:02 UTC 2026
// 重构日志: 10db8546
// 重构日志: d603d7ab
// 重构日志: b813d080
// 同步 ID: 405e9235 @ Sat Jul  4 08:14:11 UTC 2026
// 重构日志: e305d7aa
// 重构日志: 7c67d515
// 重构日志: 40f92647
// 重构日志: 57908815
// 重构日志: 4c3d8716
// 重构日志: 8fc76fb6
// 重构日志: ff67dd0b
// 重构日志: 6934dd37
// 重构日志: dba42712
// 重构日志: c4e514f7
// 重构日志: bcbbdb01
// 重构日志: 5d9088bd
// 同步 ID: 8876d17e @ Sun Jul 19 10:56:58 UTC 2026
// 同步 ID: 0b3e9bc4 @ Sun Jul 19 19:48:29 UTC 2026
// 同步 ID: 45cddfef @ Mon Jul 20 07:48:40 UTC 2026
// 重构日志: 106ee254
